<?xml version="1.0" encoding="UTF-8" ?>
<testsuite tests="2" failures="0" name="ProblemTest" time="0.005" errors="0" skipped="0">
  <properties>
    <property name="idea.version" value="2021.2.1"/>
    <property name="java.runtime.name" value="Java(TM) SE Runtime Environment"/>
    <property name="sun.boot.library.path" value="D:\jdk1.8.0_271\jre\bin"/>
    <property name="java.vm.version" value="25.271-b09"/>
    <property name="java.vm.vendor" value="Oracle Corporation"/>
    <property name="maven.multiModuleProjectDirectory" value="D:\desktop\leetcode-note\Leetcode"/>
    <property name="java.vendor.url" value="http://java.oracle.com/"/>
    <property name="path.separator" value=";"/>
    <property name="guice.disable.misplaced.annotation.check" value="true"/>
    <property name="java.vm.name" value="Java HotSpot(TM) 64-Bit Server VM"/>
    <property name="file.encoding.pkg" value="sun.io"/>
    <property name="user.script" value=""/>
    <property name="user.country" value="CN"/>
    <property name="sun.java.launcher" value="SUN_STANDARD"/>
    <property name="sun.os.patch.level" value=""/>
    <property name="java.vm.specification.name" value="Java Virtual Machine Specification"/>
    <property name="user.dir" value="D:\desktop\leetcode-note\Leetcode"/>
    <property name="java.runtime.version" value="1.8.0_271-b09"/>
    <property name="java.awt.graphicsenv" value="sun.awt.Win32GraphicsEnvironment"/>
    <property name="java.endorsed.dirs" value="D:\jdk1.8.0_271\jre\lib\endorsed"/>
    <property name="os.arch" value="amd64"/>
    <property name="java.io.tmpdir" value="C:\Users\Li\AppData\Local\Temp\"/>
    <property name="line.separator" value="
"/>
    <property name="java.vm.specification.vendor" value="Oracle Corporation"/>
    <property name="user.variant" value=""/>
    <property name="os.name" value="Windows 10"/>
    <property name="maven.ext.class.path" value="D:\IntelliJ IDEA 2020.2.4\plugins\maven\lib\maven-event-listener.jar"/>
    <property name="archetypeCatalog" value="internal"/>
    <property name="classworlds.conf" value="D:\IntelliJ IDEA 2020.2.4\plugins\maven\lib\maven3\bin\m2.conf"/>
    <property name="sun.jnu.encoding" value="GBK"/>
    <property name="java.library.path" value="D:\jdk1.8.0_271\bin;C:\WINDOWS\Sun\Java\bin;C:\WINDOWS\system32;C:\WINDOWS;D:\jdk1.8.0_271\bin;D:\jdk1.8.0_271\jre\bin;D:\python39\Scripts;D:\python39\;C:\Program Files (x86)\Common Files\Oracle\Java\javapath;D:\Maven\apache-maven-3.6.3\bin;C:\WINDOWS\system32;C:\WINDOWS;C:\WINDOWS\System32\Wbem;C:\WINDOWS\System32\WindowsPowerShell\v1.0\;C:\WINDOWS\System32\OpenSSH\;C:\Program Files\TortoiseGit\bin;D:\mysql-8.0.22-winx64\bin;D:\sqlite\sqlite-tools-win32-x86-3330000;D:\xftp\;D:\Redis;D:\anaconda;D:\anaconda\Scripts;D:\anaconda\Library\bin;D:\anaconda\Library\mingw-w64;D:\xshell7\;C:\Users\Li\Downloads\proto\bin;C:\ProgramData\chocolatey\bin;D:\Git\cmd;D:\nvm\nvm;D:\nodejs;C:\Program Files\Docker\Docker\resources\bin;C:\ProgramData\DockerDesktop\version-bin;D:\Go\bin;C:\Users\Li\AppData\Local\Programs\Python\Launcher\;D:\anaconda;D:\anaconda\Library\mingw-w64\bin;D:\anaconda\Library\usr\bin;D:\anaconda\Library\bin;D:\anaconda\Scripts;D:\python39\;D:\mysql-8.0.22-winx64\bin;D:\sqlite\sqlite-tools-win32-x86-3330000;D:\Maven\apache-maven-3.6.3;D:\Fiddler;C:\Users\Li\AppData\Local\Microsoft\WindowsApps;D:\nodejs\;D:\IntelliJ IDEA 2020.3.4\bin;;D:\WebStorm 2021.1.2\bin;;D:\PyCharm 2021.1.2\bin;;C:\Users\Li\AppData\Local\GitHubDesktop\bin;D:\nvm\nvm;D:\nodejs;C:\Users\Li\go\bin;D:\python39\Scripts;D:\Microsoft VS Code\bin;."/>
    <property name="maven.conf" value="D:\IntelliJ IDEA 2020.2.4\plugins\maven\lib\maven3/conf"/>
    <property name="java.specification.name" value="Java Platform API Specification"/>
    <property name="java.class.version" value="52.0"/>
    <property name="sun.management.compiler" value="HotSpot 64-Bit Tiered Compilers"/>
    <property name="os.version" value="10.0"/>
    <property name="user.home" value="C:\Users\Li"/>
    <property name="user.timezone" value="Asia/Shanghai"/>
    <property name="java.awt.printerjob" value="sun.awt.windows.WPrinterJob"/>
    <property name="java.specification.version" value="1.8"/>
    <property name="file.encoding" value="UTF-8"/>
    <property name="user.name" value="Li"/>
    <property name="java.class.path" value="D:\IntelliJ IDEA 2020.2.4\plugins\maven\lib\maven3\boot\plexus-classworlds-2.6.0.jar;D:\IntelliJ IDEA 2020.2.4\plugins\maven\lib\maven3\boot\plexus-classworlds.license;D:\IntelliJ IDEA 2020.2.4\lib\idea_rt.jar"/>
    <property name="java.vm.specification.version" value="1.8"/>
    <property name="sun.arch.data.model" value="64"/>
    <property name="java.home" value="D:\jdk1.8.0_271\jre"/>
    <property name="sun.java.command" value="org.codehaus.classworlds.Launcher -Didea.version=2021.2.1 -s D:\Maven\apache-maven-3.6.3\conf\settings.xml verify"/>
    <property name="java.specification.vendor" value="Oracle Corporation"/>
    <property name="user.language" value="zh"/>
    <property name="awt.toolkit" value="sun.awt.windows.WToolkit"/>
    <property name="java.vm.info" value="mixed mode"/>
    <property name="java.version" value="1.8.0_271"/>
    <property name="java.ext.dirs" value="D:\jdk1.8.0_271\jre\lib\ext;C:\WINDOWS\Sun\Java\lib\ext"/>
    <property name="sun.boot.class.path" value="D:\jdk1.8.0_271\jre\lib\resources.jar;D:\jdk1.8.0_271\jre\lib\rt.jar;D:\jdk1.8.0_271\jre\lib\sunrsasign.jar;D:\jdk1.8.0_271\jre\lib\jsse.jar;D:\jdk1.8.0_271\jre\lib\jce.jar;D:\jdk1.8.0_271\jre\lib\charsets.jar;D:\jdk1.8.0_271\jre\lib\jfr.jar;D:\jdk1.8.0_271\jre\classes"/>
    <property name="java.vendor" value="Oracle Corporation"/>
    <property name="maven.home" value="D:\IntelliJ IDEA 2020.2.4\plugins\maven\lib\maven3"/>
    <property name="file.separator" value="\"/>
    <property name="java.vendor.url.bug" value="http://bugreport.sun.com/bugreport/"/>
    <property name="sun.cpu.endian" value="little"/>
    <property name="sun.io.unicode.encoding" value="UnicodeLittle"/>
    <property name="sun.desktop" value="windows"/>
    <property name="sun.cpu.isalist" value="amd64"/>
  </properties>
  <testcase classname="ProblemTest" name="BestTimeStock" time="0.005"/>
  <testcase classname="ProblemTest" name="SearchInRotatedSortedArrayTest" time="0"/>
</testsuite>